<?xml version="1.0" encoding="UTF-8"?>
<testng-results skipped="0" failed="0" ignored="0" total="1" passed="1">
  <reporter-output>
  </reporter-output>
  <suite name="Suite" duration-ms="14155" started-at="2021-06-12T06:38:28Z" finished-at="2021-06-12T06:38:43Z">
    <groups>
    </groups>
    <test name="Test" duration-ms="14155" started-at="2021-06-12T06:38:28Z" finished-at="2021-06-12T06:38:43Z">
      <class name="com.main.test.LoginTest">
        <test-method status="PASS" signature="initiate_launch()[pri:0, instance:com.main.test.LoginTest@58651fd0]" name="initiate_launch" is-config="true" duration-ms="453" started-at="2021-06-12T06:38:28Z" finished-at="2021-06-12T06:38:29Z">
          <reporter-output>
          </reporter-output>
        </test-method> <!-- initiate_launch -->
        <test-method status="PASS" signature="LaunchURL(java.lang.String)[pri:0, instance:com.main.test.LoginTest@58651fd0]" name="LaunchURL" is-config="true" duration-ms="9304" started-at="2021-06-12T06:38:30Z" finished-at="2021-06-12T06:38:39Z">
          <params>
            <param index="0">
              <value>
                <![CDATA[chrome]]>
              </value>
            </param>
          </params>
          <reporter-output>
          </reporter-output>
        </test-method> <!-- LaunchURL -->
        <test-method status="PASS" signature="loginTest(java.lang.String, java.lang.String)[pri:0, instance:com.main.test.LoginTest@58651fd0]" name="loginTest" duration-ms="2520" started-at="2021-06-12T06:38:39Z" data-provider="DataShare" finished-at="2021-06-12T06:38:42Z">
          <params>
            <param index="0">
              <value>
                <![CDATA[rastogiapoorv17@gmail.com]]>
              </value>
            </param>
            <param index="1">
              <value>
                <![CDATA[Welcome123]]>
              </value>
            </param>
          </params>
          <reporter-output>
          </reporter-output>
        </test-method> <!-- loginTest -->
        <test-method status="PASS" signature="tearDown(org.testng.ITestResult)[pri:0, instance:com.main.test.LoginTest@58651fd0]" name="tearDown" is-config="true" duration-ms="175" started-at="2021-06-12T06:38:42Z" finished-at="2021-06-12T06:38:42Z">
          <params>
            <param index="0">
              <value>
                <![CDATA[[TestResult name=loginTest status=SUCCESS method=LoginTest.loginTest(java.lang.String, java.lang.String)[pri:0, instance:com.main.test.LoginTest@58651fd0] output={null}]]]>
              </value>
            </param>
          </params>
          <reporter-output>
          </reporter-output>
        </test-method> <!-- tearDown -->
        <test-method status="PASS" signature="flushReport()[pri:0, instance:com.main.test.LoginTest@58651fd0]" name="flushReport" is-config="true" duration-ms="749" started-at="2021-06-12T06:38:42Z" finished-at="2021-06-12T06:38:43Z">
          <reporter-output>
          </reporter-output>
        </test-method> <!-- flushReport -->
      </class> <!-- com.main.test.LoginTest -->
    </test> <!-- Test -->
  </suite> <!-- Suite -->
</testng-results>
