<?xml version="1.0" encoding="UTF-8"?>
<testng-results skipped="0" failed="0" ignored="0" total="1" passed="1">
  <reporter-output>
  </reporter-output>
  <suite name="Default suite" duration-ms="23435" started-at="2021-06-17T13:03:59Z" finished-at="2021-06-17T13:04:22Z">
    <groups>
    </groups>
    <test name="Default test" duration-ms="23435" started-at="2021-06-17T13:03:59Z" finished-at="2021-06-17T13:04:22Z">
      <class name="com.main.test.LoginTest">
        <test-method status="PASS" signature="initiate_launch()[pri:0, instance:com.main.test.LoginTest@6b09bb57]" name="initiate_launch" is-config="true" duration-ms="565" started-at="2021-06-17T13:03:59Z" finished-at="2021-06-17T13:03:59Z">
          <reporter-output>
          </reporter-output>
        </test-method> <!-- initiate_launch -->
        <test-method status="PASS" signature="LaunchURL()[pri:0, instance:com.main.test.LoginTest@6b09bb57]" name="LaunchURL" is-config="true" duration-ms="10528" started-at="2021-06-17T13:03:59Z" finished-at="2021-06-17T13:04:10Z">
          <reporter-output>
          </reporter-output>
        </test-method> <!-- LaunchURL -->
        <test-method status="PASS" signature="loginTest()[pri:0, instance:com.main.test.LoginTest@6b09bb57]" name="loginTest" duration-ms="5307" started-at="2021-06-17T13:04:10Z" finished-at="2021-06-17T13:04:15Z">
          <reporter-output>
          </reporter-output>
        </test-method> <!-- loginTest -->
        <test-method status="PASS" signature="tearDown(org.testng.ITestResult)[pri:0, instance:com.main.test.LoginTest@6b09bb57]" name="tearDown" is-config="true" duration-ms="5823" started-at="2021-06-17T13:04:15Z" finished-at="2021-06-17T13:04:21Z">
          <params>
            <param index="0">
              <value>
                <![CDATA[[TestResult name=loginTest status=SUCCESS method=LoginTest.loginTest()[pri:0, instance:com.main.test.LoginTest@6b09bb57] output={null}]]]>
              </value>
            </param>
          </params>
          <reporter-output>
          </reporter-output>
        </test-method> <!-- tearDown -->
        <test-method status="PASS" signature="flushReport()[pri:0, instance:com.main.test.LoginTest@6b09bb57]" name="flushReport" is-config="true" duration-ms="1186" started-at="2021-06-17T13:04:21Z" finished-at="2021-06-17T13:04:22Z">
          <reporter-output>
          </reporter-output>
        </test-method> <!-- flushReport -->
      </class> <!-- com.main.test.LoginTest -->
    </test> <!-- Default test -->
  </suite> <!-- Default suite -->
</testng-results>
